<?xml version="1.0" encoding="UTF-8"?>
<testng-results skipped="0" failed="0" ignored="0" total="1" passed="1">
  <reporter-output>
  </reporter-output>
  <suite name="Suite" duration-ms="10108" started-at="2018-02-03T14:26:32Z" finished-at="2018-02-03T14:26:42Z">
    <groups>
    </groups>
    <test name="Test" duration-ms="10108" started-at="2018-02-03T14:26:32Z" finished-at="2018-02-03T14:26:42Z">
      <class name="pack1.Test1">
        <test-method status="PASS" signature="Demo()[pri:0, instance:pack1.Test1@7f63425a]" name="Demo" duration-ms="10014" started-at="2018-02-03T19:56:32Z" finished-at="2018-02-03T19:56:42Z">
          <reporter-output>
          </reporter-output>
        </test-method> <!-- Demo -->
      </class> <!-- pack1.Test1 -->
    </test> <!-- Test -->
  </suite> <!-- Suite -->
</testng-results>
