<?xml version="1.0" encoding="UTF-8"?>
<testng-results skipped="0" failed="0" ignored="0" total="1" passed="1">
  <reporter-output>
  </reporter-output>
  <suite name="Suite" duration-ms="15878" started-at="2018-02-03T14:21:56Z" finished-at="2018-02-03T14:22:12Z">
    <groups>
    </groups>
    <test name="Test" duration-ms="15878" started-at="2018-02-03T14:21:56Z" finished-at="2018-02-03T14:22:12Z">
      <class name="pack1.Test1">
        <test-method status="PASS" signature="Demo()[pri:0, instance:pack1.Test1@6d8a00e3]" name="Demo" duration-ms="15717" started-at="2018-02-03T19:51:56Z" finished-at="2018-02-03T19:52:12Z">
          <reporter-output>
          </reporter-output>
        </test-method> <!-- Demo -->
      </class> <!-- pack1.Test1 -->
    </test> <!-- Test -->
  </suite> <!-- Suite -->
</testng-results>
